[     411ms] [INFO] %cDownload the React DevTools for a better development experience: https://react.dev/link/react-devtools font-weight:bold @ http://localhost:3002/_next/static/chunks/node_modules_next_dist_7a8122d0._.js:2287
[     539ms] [LOG] [HMR] connected @ http://localhost:3002/_next/static/chunks/node_modules_next_dist_7a8122d0._.js:2287
[   65138ms] [LOG] [Fast Refresh] rebuilding @ http://localhost:3002/_next/static/chunks/node_modules_next_dist_7a8122d0._.js:2287
[   65650ms] [LOG] [Fast Refresh] done in 616ms @ http://localhost:3002/_next/static/chunks/node_modules_next_dist_7a8122d0._.js:2287
[   65822ms] [LOG] [Fast Refresh] rebuilding @ http://localhost:3002/_next/static/chunks/node_modules_next_dist_7a8122d0._.js:2287
[   66401ms] [LOG] [Fast Refresh] done in 682ms @ http://localhost:3002/_next/static/chunks/node_modules_next_dist_7a8122d0._.js:2287
[   66583ms] [LOG] [Fast Refresh] rebuilding @ http://localhost:3002/_next/static/chunks/node_modules_next_dist_7a8122d0._.js:2287
[   67100ms] [LOG] [Fast Refresh] done in 620ms @ http://localhost:3002/_next/static/chunks/node_modules_next_dist_7a8122d0._.js:2287
[   67261ms] [LOG] [Fast Refresh] rebuilding @ http://localhost:3002/_next/static/chunks/node_modules_next_dist_7a8122d0._.js:2287
[   67830ms] [LOG] [Fast Refresh] done in 674ms @ http://localhost:3002/_next/static/chunks/node_modules_next_dist_7a8122d0._.js:2287
[   67999ms] [LOG] [Fast Refresh] rebuilding @ http://localhost:3002/_next/static/chunks/node_modules_next_dist_7a8122d0._.js:2287
[   68424ms] [LOG] [Fast Refresh] done in 529ms @ http://localhost:3002/_next/static/chunks/node_modules_next_dist_7a8122d0._.js:2287
[   68594ms] [LOG] [Fast Refresh] rebuilding @ http://localhost:3002/_next/static/chunks/node_modules_next_dist_7a8122d0._.js:2287
[   69084ms] [LOG] [Fast Refresh] done in 594ms @ http://localhost:3002/_next/static/chunks/node_modules_next_dist_7a8122d0._.js:2287
[   69257ms] [LOG] [Fast Refresh] rebuilding @ http://localhost:3002/_next/static/chunks/node_modules_next_dist_7a8122d0._.js:2287
[   69761ms] [LOG] [Fast Refresh] done in 611ms @ http://localhost:3002/_next/static/chunks/node_modules_next_dist_7a8122d0._.js:2287
[   69925ms] [LOG] [Fast Refresh] rebuilding @ http://localhost:3002/_next/static/chunks/node_modules_next_dist_7a8122d0._.js:2287
[   70413ms] [LOG] [Fast Refresh] done in 589ms @ http://localhost:3002/_next/static/chunks/node_modules_next_dist_7a8122d0._.js:2287
[   70599ms] [LOG] [Fast Refresh] rebuilding @ http://localhost:3002/_next/static/chunks/node_modules_next_dist_7a8122d0._.js:2287
[   71086ms] [LOG] [Fast Refresh] done in 592ms @ http://localhost:3002/_next/static/chunks/node_modules_next_dist_7a8122d0._.js:2287
[   71249ms] [LOG] [Fast Refresh] rebuilding @ http://localhost:3002/_next/static/chunks/node_modules_next_dist_7a8122d0._.js:2287
[   71814ms] [LOG] [Fast Refresh] done in 670ms @ http://localhost:3002/_next/static/chunks/node_modules_next_dist_7a8122d0._.js:2287
[  120339ms] [ERROR] `DialogContent` requires a `DialogTitle` for the component to be accessible for screen reader users.

If you want to hide the `DialogTitle`, you can wrap it with our VisuallyHidden component.

For more information, see https://radix-ui.com/primitives/docs/components/dialog @ http://localhost:3002/_next/static/chunks/node_modules_next_dist_7a8122d0._.js:3117
[  120340ms] [WARNING] Warning: Missing `Description` or `aria-describedby={undefined}` for {DialogContent}. @ http://localhost:3002/_next/static/chunks/node_modules_next_dist_7a8122d0._.js:2287
[  120343ms] [ERROR] `DialogContent` requires a `DialogTitle` for the component to be accessible for screen reader users.

If you want to hide the `DialogTitle`, you can wrap it with our VisuallyHidden component.

For more information, see https://radix-ui.com/primitives/docs/components/dialog @ http://localhost:3002/_next/static/chunks/node_modules_next_dist_7a8122d0._.js:3117
[  120343ms] [WARNING] Warning: Missing `Description` or `aria-describedby={undefined}` for {DialogContent}. @ http://localhost:3002/_next/static/chunks/node_modules_next_dist_7a8122d0._.js:2287
[  120481ms] [LOG] [Fast Refresh] rebuilding @ http://localhost:3002/_next/static/chunks/node_modules_next_dist_7a8122d0._.js:2287
[  120487ms] [LOG] [Fast Refresh] done in 107ms @ http://localhost:3002/_next/static/chunks/node_modules_next_dist_7a8122d0._.js:2287
